  [1m[36mSQL (0.2ms)[0m  [1m SELECT name
 FROM sqlite_master
 WHERE type = 'table' AND NOT name = 'sqlite_sequence'
[0m
  [1m[35mSQL (0.1ms)[0m  select sqlite_version(*)
  [1m[36mSQL (1.1ms)[0m  [1mCREATE TABLE "schema_migrations" ("version" varchar(255) NOT NULL) [0m
  [1m[35mSQL (0.0ms)[0m  PRAGMA index_list("schema_migrations")
  [1m[36mSQL (0.9ms)[0m  [1mCREATE UNIQUE INDEX "unique_schema_migrations" ON "schema_migrations" ("version")[0m
  [1m[35mSQL (0.1ms)[0m   SELECT name
 FROM sqlite_master
 WHERE type = 'table' AND NOT name = 'sqlite_sequence'
  [1m[36mSQL (0.1ms)[0m  [1m SELECT name
 FROM sqlite_master
 WHERE type = 'table' AND NOT name = 'sqlite_sequence'
[0m
  [1m[35mSQL (0.1ms)[0m  SELECT "schema_migrations"."version" FROM "schema_migrations"
Migrating to CreateUsers (20110620165522)
  [1m[36mSQL (0.3ms)[0m  [1mCREATE TABLE "users" ("id" INTEGER PRIMARY KEY AUTOINCREMENT NOT NULL, "username" varchar(255), "password" varchar(255), "first_name" varchar(255), "last_name" varchar(255), "created_at" datetime, "updated_at" datetime) [0m
  [1m[35mSQL (0.1ms)[0m  INSERT INTO "schema_migrations" ("version") VALUES ('20110620165522')
  [1m[36mSQL (0.1ms)[0m  [1m SELECT name
 FROM sqlite_master
 WHERE type = 'table' AND NOT name = 'sqlite_sequence'
[0m
  [1m[35mSQL (0.1ms)[0m  SELECT "schema_migrations"."version" FROM "schema_migrations"
  [1m[36mSQL (13.6ms)[0m  [1m SELECT name
 FROM sqlite_master
 WHERE type = 'table' AND NOT name = 'sqlite_sequence'
[0m
  [1m[35mSQL (0.0ms)[0m  PRAGMA index_list("users")


Started GET "/login" for 127.0.0.1 at 2011-06-20 09:57:26 -0700

ActionController::RoutingError (uninitialized constant LoginController):
  

Rendered /Users/gmoeck/.rvm/gems/ruby-1.9.2-p180/gems/actionpack-3.0.7/lib/action_dispatch/middleware/templates/rescues/routing_error.erb within rescues/layout (0.9ms)


Started GET "/login" for 127.0.0.1 at 2011-06-20 09:57:53 -0700

AbstractController::ActionNotFound (The action 'login' could not be found for LoginController):
  

Rendered /Users/gmoeck/.rvm/gems/ruby-1.9.2-p180/gems/actionpack-3.0.7/lib/action_dispatch/middleware/templates/rescues/unknown_action.erb within rescues/layout (0.6ms)


Started GET "/login" for 127.0.0.1 at 2011-06-20 09:58:01 -0700
  Processing by LoginController#login as HTML
Completed   in 12ms

ActionView::MissingTemplate (Missing template login/login with {:handlers=>[:erb, :rjs, :builder, :rhtml, :rxml], :formats=>[:html], :locale=>[:en, :en]} in view paths "/Users/gmoeck/Javascript/Sproutcore/login_example_backend/app/views"):
  

Rendered /Users/gmoeck/.rvm/gems/ruby-1.9.2-p180/gems/actionpack-3.0.7/lib/action_dispatch/middleware/templates/rescues/missing_template.erb within rescues/layout (0.6ms)


Started GET "/login" for 127.0.0.1 at 2011-06-20 10:01:37 -0700
  Processing by LoginController#login as HTML
  [1m[36mSQL (0.3ms)[0m  [1m SELECT name
 FROM sqlite_master
 WHERE type = 'table' AND NOT name = 'sqlite_sequence'
[0m
  [1m[35mUser Load (0.1ms)[0m  SELECT "users".* FROM "users" WHERE "users"."username" IS NULL
Completed   in 84ms

NoMethodError (undefined method `password' for []:ActiveRecord::Relation):
  app/controllers/login_controller.rb:6:in `login'

Rendered /Users/gmoeck/.rvm/gems/ruby-1.9.2-p180/gems/actionpack-3.0.7/lib/action_dispatch/middleware/templates/rescues/_trace.erb (1.1ms)
Rendered /Users/gmoeck/.rvm/gems/ruby-1.9.2-p180/gems/actionpack-3.0.7/lib/action_dispatch/middleware/templates/rescues/_request_and_response.erb (2.9ms)
Rendered /Users/gmoeck/.rvm/gems/ruby-1.9.2-p180/gems/actionpack-3.0.7/lib/action_dispatch/middleware/templates/rescues/diagnostics.erb within rescues/layout (8.8ms)


Started GET "/login" for 127.0.0.1 at 2011-06-20 10:02:39 -0700
  Processing by LoginController#login as HTML
  [1m[36mUser Load (0.1ms)[0m  [1mSELECT "users".* FROM "users" WHERE "users"."username" IS NULL[0m
Completed   in 8ms

NoMethodError (undefined method `password' for []:ActiveRecord::Relation):
  app/controllers/login_controller.rb:9:in `login'

Rendered /Users/gmoeck/.rvm/gems/ruby-1.9.2-p180/gems/actionpack-3.0.7/lib/action_dispatch/middleware/templates/rescues/_trace.erb (1.0ms)
Rendered /Users/gmoeck/.rvm/gems/ruby-1.9.2-p180/gems/actionpack-3.0.7/lib/action_dispatch/middleware/templates/rescues/_request_and_response.erb (2.8ms)
Rendered /Users/gmoeck/.rvm/gems/ruby-1.9.2-p180/gems/actionpack-3.0.7/lib/action_dispatch/middleware/templates/rescues/diagnostics.erb within rescues/layout (7.6ms)


Started GET "/login" for 127.0.0.1 at 2011-06-20 10:02:40 -0700
  Processing by LoginController#login as HTML
  [1m[35mUser Load (0.1ms)[0m  SELECT "users".* FROM "users" WHERE "users"."username" IS NULL
Completed   in 25ms

NoMethodError (undefined method `password' for []:ActiveRecord::Relation):
  app/controllers/login_controller.rb:9:in `login'

Rendered /Users/gmoeck/.rvm/gems/ruby-1.9.2-p180/gems/actionpack-3.0.7/lib/action_dispatch/middleware/templates/rescues/_trace.erb (1.0ms)
Rendered /Users/gmoeck/.rvm/gems/ruby-1.9.2-p180/gems/actionpack-3.0.7/lib/action_dispatch/middleware/templates/rescues/_request_and_response.erb (2.4ms)
Rendered /Users/gmoeck/.rvm/gems/ruby-1.9.2-p180/gems/actionpack-3.0.7/lib/action_dispatch/middleware/templates/rescues/diagnostics.erb within rescues/layout (7.1ms)


Started GET "/login" for 127.0.0.1 at 2011-06-20 10:02:51 -0700
  Processing by LoginController#login as HTML
  [1m[36mUser Load (0.1ms)[0m  [1mSELECT "users".* FROM "users" WHERE "users"."username" IS NULL[0m
Completed   in 8ms

NoMethodError (undefined method `id' for []:ActiveRecord::Relation):
  app/controllers/login_controller.rb:6:in `login'

Rendered /Users/gmoeck/.rvm/gems/ruby-1.9.2-p180/gems/actionpack-3.0.7/lib/action_dispatch/middleware/templates/rescues/_trace.erb (0.9ms)
Rendered /Users/gmoeck/.rvm/gems/ruby-1.9.2-p180/gems/actionpack-3.0.7/lib/action_dispatch/middleware/templates/rescues/_request_and_response.erb (2.6ms)
Rendered /Users/gmoeck/.rvm/gems/ruby-1.9.2-p180/gems/actionpack-3.0.7/lib/action_dispatch/middleware/templates/rescues/diagnostics.erb within rescues/layout (7.3ms)


Started GET "/login" for 127.0.0.1 at 2011-06-20 10:02:58 -0700
  Processing by LoginController#login as HTML
  [1m[35mSQL (0.1ms)[0m  SELECT COUNT(*) FROM "users" WHERE "users"."username" IS NULL
Completed 406 Not Acceptable in 10ms


Started GET "/login.json" for 127.0.0.1 at 2011-06-20 10:03:10 -0700
  Processing by LoginController#login as JSON
  [1m[36mSQL (0.1ms)[0m  [1mSELECT COUNT(*) FROM "users" WHERE "users"."username" IS NULL[0m
Completed 200 OK in 10ms (Views: 1.4ms | ActiveRecord: 0.6ms)
  [1m[36mUser Load (0.3ms)[0m  [1mSELECT "users".* FROM "users"[0m
  [1m[35mSQL (0.1ms)[0m   SELECT name
 FROM sqlite_master
 WHERE type = 'table' AND NOT name = 'sqlite_sequence'
  [1m[36mAREL (0.3ms)[0m  [1mINSERT INTO "users" ("username", "password", "first_name", "last_name", "created_at", "updated_at") VALUES ('gmoeck', 'password', NULL, NULL, '2011-06-20 17:03:42.243409', '2011-06-20 17:03:42.243409')[0m


Started GET "/login.json" for 127.0.0.1 at 2011-06-20 10:03:58 -0700
  Processing by LoginController#login as JSON
  [1m[35mSQL (0.1ms)[0m  SELECT COUNT(*) FROM "users" WHERE "users"."username" IS NULL
Completed 200 OK in 11ms (Views: 1.3ms | ActiveRecord: 0.1ms)


Started GET "/login.json" for 127.0.0.1 at 2011-06-20 10:04:00 -0700
  Processing by LoginController#login as JSON
  [1m[36mSQL (0.1ms)[0m  [1mSELECT COUNT(*) FROM "users" WHERE "users"."username" IS NULL[0m
Completed 200 OK in 11ms (Views: 1.3ms | ActiveRecord: 0.1ms)


Started GET "/login.json?username=gmoeck" for 127.0.0.1 at 2011-06-20 10:04:07 -0700
  Processing by LoginController#login as JSON
  Parameters: {"username"=>"gmoeck"}
  [1m[35mSQL (0.1ms)[0m  SELECT COUNT(*) FROM "users" WHERE "users"."username" = 'gmoeck'
  [1m[36mUser Load (0.3ms)[0m  [1mSELECT "users".* FROM "users" WHERE "users"."username" = 'gmoeck'[0m
Completed   in 14ms

NoMethodError (undefined method `password' for #<ActiveRecord::Relation:0x00000102c59fd8>):
  app/controllers/login_controller.rb:9:in `login'

Rendered /Users/gmoeck/.rvm/gems/ruby-1.9.2-p180/gems/actionpack-3.0.7/lib/action_dispatch/middleware/templates/rescues/_trace.erb (0.9ms)
Rendered /Users/gmoeck/.rvm/gems/ruby-1.9.2-p180/gems/actionpack-3.0.7/lib/action_dispatch/middleware/templates/rescues/_request_and_response.erb (2.8ms)
Rendered /Users/gmoeck/.rvm/gems/ruby-1.9.2-p180/gems/actionpack-3.0.7/lib/action_dispatch/middleware/templates/rescues/diagnostics.erb within rescues/layout (7.5ms)


Started GET "/login.json?username=gmoeck" for 127.0.0.1 at 2011-06-20 10:04:23 -0700
  Processing by LoginController#login as JSON
  Parameters: {"username"=>"gmoeck"}
  [1m[35mUser Load (0.3ms)[0m  SELECT "users".* FROM "users" WHERE "users"."username" = 'gmoeck' LIMIT 1
Completed   in 14ms

NoMethodError (undefined method `empty?' for #<User:0x00000102936388>):
  app/controllers/login_controller.rb:6:in `login'

Rendered /Users/gmoeck/.rvm/gems/ruby-1.9.2-p180/gems/actionpack-3.0.7/lib/action_dispatch/middleware/templates/rescues/_trace.erb (0.9ms)
Rendered /Users/gmoeck/.rvm/gems/ruby-1.9.2-p180/gems/actionpack-3.0.7/lib/action_dispatch/middleware/templates/rescues/_request_and_response.erb (20.4ms)
Rendered /Users/gmoeck/.rvm/gems/ruby-1.9.2-p180/gems/actionpack-3.0.7/lib/action_dispatch/middleware/templates/rescues/diagnostics.erb within rescues/layout (25.2ms)


Started GET "/login.json?username=gmoeck" for 127.0.0.1 at 2011-06-20 10:04:27 -0700
  Processing by LoginController#login as JSON
  Parameters: {"username"=>"gmoeck"}
  [1m[36mUser Load (0.3ms)[0m  [1mSELECT "users".* FROM "users" WHERE "users"."username" = 'gmoeck' LIMIT 1[0m
Completed 200 OK in 9ms (Views: 1.2ms | ActiveRecord: 1.0ms)
  [1m[36mSQL (0.3ms)[0m  [1m SELECT name
 FROM sqlite_master
 WHERE type = 'table' AND NOT name = 'sqlite_sequence'
[0m
  [1m[35mUser Load (0.3ms)[0m  SELECT "users".* FROM "users" WHERE "users"."username" = 'gmoeck'
  [1m[36mUser Load (0.3ms)[0m  [1mSELECT "users".* FROM "users" WHERE "users"."username" = 'gmoeck' LIMIT 1[0m
  [1m[35mUser Load (0.4ms)[0m  SELECT "users".* FROM "users" WHERE "users"."username" = 'gmoeck' LIMIT 1


Started POST "/users/sign_in" for 127.0.0.1 at 2011-06-20 10:05:31 -0700

ActionController::RoutingError (No route matches "/users/sign_in"):
  

Rendered /Users/gmoeck/.rvm/gems/ruby-1.9.2-p180/gems/actionpack-3.0.7/lib/action_dispatch/middleware/templates/rescues/routing_error.erb within rescues/layout (0.8ms)


Started POST "/login" for 127.0.0.1 at 2011-06-20 10:06:06 -0700
  Processing by LoginController#login as 
  Parameters: {"username"=>"gmoeck", "password"=>"[FILTERED]"}
  [1m[35mUser Load (0.3ms)[0m  SELECT "users".* FROM "users" WHERE "users"."username" = 'gmoeck' LIMIT 1
Completed 200 OK in 9ms (Views: 1.2ms | ActiveRecord: 0.3ms)


Started POST "/login" for 127.0.0.1 at 2011-06-20 10:08:38 -0700
  Processing by LoginController#login as 
  Parameters: {"username"=>"gmoeck", "password"=>"[FILTERED]"}
  [1m[36mUser Load (0.4ms)[0m  [1mSELECT "users".* FROM "users" WHERE "users"."username" = 'gmoeck' LIMIT 1[0m
Completed 401 Unauthorized in 27ms (Views: 1.2ms | ActiveRecord: 0.4ms)


Started POST "/login" for 127.0.0.1 at 2011-06-20 10:08:53 -0700
  Processing by LoginController#login as 
  Parameters: {"username"=>"gmoeck", "password"=>"[FILTERED]"}
  [1m[35mUser Load (0.3ms)[0m  SELECT "users".* FROM "users" WHERE "users"."username" = 'gmoeck' LIMIT 1
Completed 401 Unauthorized in 8ms (Views: 1.3ms | ActiveRecord: 0.3ms)


Started GET "/login.json?username=gmoeck" for 127.0.0.1 at 2011-06-20 10:09:40 -0700
  Processing by LoginController#login as JSON
  Parameters: {"username"=>"gmoeck"}
  [1m[36mUser Load (0.4ms)[0m  [1mSELECT "users".* FROM "users" WHERE "users"."username" = 'gmoeck' LIMIT 1[0m
Completed 401 Unauthorized in 9ms (Views: 1.3ms | ActiveRecord: 0.4ms)


Started GET "/login.json?username=gmoeck" for 127.0.0.1 at 2011-06-20 10:10:16 -0700
  Processing by LoginController#login as JSON
  Parameters: {"username"=>"gmoeck"}
  [1m[35mUser Load (0.3ms)[0m  SELECT "users".* FROM "users" WHERE "users"."username" = 'gmoeck' LIMIT 1
Completed 401 Unauthorized in 9ms (Views: 1.3ms | ActiveRecord: 0.3ms)


Started POST "/login" for 127.0.0.1 at 2011-06-20 10:10:35 -0700
  Processing by LoginController#login as 
  Parameters: {"username"=>"gmoeck", "password"=>"[FILTERED]"}
  [1m[36mUser Load (0.3ms)[0m  [1mSELECT "users".* FROM "users" WHERE "users"."username" = 'gmoeck' LIMIT 1[0m
Completed 401 Unauthorized in 27ms (Views: 1.2ms | ActiveRecord: 0.3ms)
  [1m[36mSQL (0.3ms)[0m  [1m SELECT name
 FROM sqlite_master
 WHERE type = 'table' AND NOT name = 'sqlite_sequence'
[0m
  [1m[35mUser Load (0.3ms)[0m  SELECT "users".* FROM "users" WHERE "users"."username" = 'gmoeck'


Started POST "/login" for 127.0.0.1 at 2011-06-20 10:11:24 -0700
  Processing by LoginController#login as 
  Parameters: {"username"=>"gmoeck", "password"=>"[FILTERED]"}
  [1m[35mUser Load (0.3ms)[0m  SELECT "users".* FROM "users" WHERE "users"."username" = 'gmoeck' LIMIT 1
Completed 401 Unauthorized in 14ms (Views: 1.3ms | ActiveRecord: 0.3ms)
  [1m[36mUser Load (0.3ms)[0m  [1mSELECT "users".* FROM "users" WHERE "users"."username" = 'gmoecak' LIMIT 1[0m


Started POST "/login" for 127.0.0.1 at 2011-06-20 10:12:36 -0700
  Processing by LoginController#login as 
  Parameters: {"username"=>"gmoeck", "password"=>"[FILTERED]"}
  [1m[36mUser Load (0.3ms)[0m  [1mSELECT "users".* FROM "users" WHERE "users"."username" = 'gmoeck' LIMIT 1[0m
Completed 401 Unauthorized in 14ms (Views: 1.3ms | ActiveRecord: 0.3ms)


Started POST "/login" for 127.0.0.1 at 2011-06-20 10:12:41 -0700
  Processing by LoginController#login as 
  Parameters: {"username"=>"gmoeck", "password"=>"[FILTERED]"}
  [1m[35mUser Load (0.3ms)[0m  SELECT "users".* FROM "users" WHERE "users"."username" = 'gmoeck' LIMIT 1
Completed 200 OK in 16ms (Views: 1.3ms | ActiveRecord: 0.3ms)


Started POST "/login" for 127.0.0.1 at 2011-06-20 10:12:56 -0700
  Processing by LoginController#login as 
  Parameters: {"username"=>"gmoeck", "password"=>"[FILTERED]"}
  [1m[36mUser Load (0.3ms)[0m  [1mSELECT "users".* FROM "users" WHERE "users"."username" = 'gmoeck' LIMIT 1[0m
Completed 200 OK in 15ms (Views: 1.3ms | ActiveRecord: 0.3ms)


Started POST "/login" for 127.0.0.1 at 2011-06-20 10:13:34 -0700
  Processing by LoginController#login as 
  Parameters: {"username"=>"gmoeck", "password"=>"[FILTERED]"}
  [1m[35mUser Load (0.3ms)[0m  SELECT "users".* FROM "users" WHERE "users"."username" = 'gmoeck' LIMIT 1
Completed 401 Unauthorized in 33ms (Views: 1.3ms | ActiveRecord: 0.3ms)


Started POST "/login" for 127.0.0.1 at 2011-06-20 10:13:38 -0700
  Processing by LoginController#login as 
  Parameters: {"username"=>"gmoeck", "password"=>"[FILTERED]"}
  [1m[36mUser Load (0.3ms)[0m  [1mSELECT "users".* FROM "users" WHERE "users"."username" = 'gmoeck' LIMIT 1[0m
Completed 200 OK in 14ms (Views: 1.3ms | ActiveRecord: 0.3ms)
  [1m[35mUser Load (0.4ms)[0m  SELECT "users".* FROM "users" WHERE "users"."username" = 'gmoeck' LIMIT 1
  [1m[36mAREL (0.3ms)[0m  [1mUPDATE "users" SET "first_name" = 'Greg', "last_name" = 'Moeck', "updated_at" = '2011-06-20 17:14:32.966261' WHERE "users"."id" = 1[0m


Started POST "/login" for 127.0.0.1 at 2011-06-20 10:14:39 -0700
  Processing by LoginController#login as 
  Parameters: {"username"=>"gmoeck", "password"=>"[FILTERED]"}
  [1m[35mUser Load (0.1ms)[0m  SELECT "users".* FROM "users" WHERE "users"."username" = 'gmoeck' LIMIT 1
Completed 200 OK in 14ms (Views: 1.3ms | ActiveRecord: 0.1ms)


Started POST "/login" for 127.0.0.1 at 2011-06-20 10:16:25 -0700
  Processing by LoginController#login as 
  Parameters: {"username"=>"gmoeck", "password"=>"[FILTERED]"}
  [1m[36mUser Load (0.1ms)[0m  [1mSELECT "users".* FROM "users" WHERE "users"."username" = 'gmoeck' LIMIT 1[0m
Completed 200 OK in 14ms (Views: 1.2ms | ActiveRecord: 0.1ms)


Started POST "/login" for 127.0.0.1 at 2011-06-20 14:53:06 -0700
  Processing by LoginController#login as 
  Parameters: {"username"=>"gmoeck", "password"=>"[FILTERED]"}
  [1m[36mSQL (0.4ms)[0m  [1m SELECT name
 FROM sqlite_master
 WHERE type = 'table' AND NOT name = 'sqlite_sequence'
[0m
  [1m[35mUser Load (0.5ms)[0m  SELECT "users".* FROM "users" WHERE "users"."username" = 'gmoeck' LIMIT 1
Completed 200 OK in 88ms (Views: 1.5ms | ActiveRecord: 0.9ms)


Started POST "/login" for 127.0.0.1 at 2011-06-20 14:54:35 -0700
  Processing by LoginController#login as 
  Parameters: {"username"=>"gmoeck", "password"=>"[FILTERED]"}
  [1m[36mUser Load (0.2ms)[0m  [1mSELECT "users".* FROM "users" WHERE "users"."username" = 'gmoeck' LIMIT 1[0m
Completed 200 OK in 15ms (Views: 1.2ms | ActiveRecord: 0.2ms)


Started POST "/login" for 127.0.0.1 at 2011-06-20 14:55:03 -0700
  Processing by LoginController#login as 
  Parameters: {"username"=>"gmoeck", "password"=>"[FILTERED]"}
  [1m[35mUser Load (0.1ms)[0m  SELECT "users".* FROM "users" WHERE "users"."username" = 'gmoeck' LIMIT 1
Completed 401 Unauthorized in 31ms (Views: 1.2ms | ActiveRecord: 0.1ms)


Started POST "/login" for 127.0.0.1 at 2011-06-20 14:55:07 -0700
  Processing by LoginController#login as 
  Parameters: {"username"=>"gmoeck", "password"=>"[FILTERED]"}
  [1m[36mUser Load (0.2ms)[0m  [1mSELECT "users".* FROM "users" WHERE "users"."username" = 'gmoeck' LIMIT 1[0m
Completed 200 OK in 15ms (Views: 1.3ms | ActiveRecord: 0.2ms)


Started POST "/login" for 127.0.0.1 at 2011-06-20 14:56:02 -0700
  Processing by LoginController#login as 
  Parameters: {"username"=>"gmoeck", "password"=>"[FILTERED]"}
  [1m[35mUser Load (0.1ms)[0m  SELECT "users".* FROM "users" WHERE "users"."username" = 'gmoeck' LIMIT 1
Completed 200 OK in 15ms (Views: 1.3ms | ActiveRecord: 0.1ms)


Started POST "/login" for 127.0.0.1 at 2011-06-20 14:56:20 -0700
  Processing by LoginController#login as 
  Parameters: {"username"=>"gmoeck", "password"=>"[FILTERED]"}
  [1m[36mUser Load (0.1ms)[0m  [1mSELECT "users".* FROM "users" WHERE "users"."username" = 'gmoeck' LIMIT 1[0m
Completed 200 OK in 14ms (Views: 1.3ms | ActiveRecord: 0.1ms)


Started POST "/login" for 127.0.0.1 at 2011-06-20 14:57:12 -0700
  Processing by LoginController#login as 
  Parameters: {"username"=>"gmoeck", "password"=>"[FILTERED]"}
  [1m[35mUser Load (0.1ms)[0m  SELECT "users".* FROM "users" WHERE "users"."username" = 'gmoeck' LIMIT 1
Completed 401 Unauthorized in 14ms (Views: 1.3ms | ActiveRecord: 0.1ms)


Started POST "/login" for 127.0.0.1 at 2011-06-20 14:57:16 -0700
  Processing by LoginController#login as 
  Parameters: {"username"=>"gmoeck", "password"=>"[FILTERED]"}
  [1m[36mUser Load (0.1ms)[0m  [1mSELECT "users".* FROM "users" WHERE "users"."username" = 'gmoeck' LIMIT 1[0m
Completed 200 OK in 32ms (Views: 1.3ms | ActiveRecord: 0.1ms)


Started POST "/login" for 127.0.0.1 at 2011-06-20 14:58:31 -0700
  Processing by LoginController#login as 
  Parameters: {"username"=>"gmoeck", "password"=>"[FILTERED]"}
  [1m[35mUser Load (0.1ms)[0m  SELECT "users".* FROM "users" WHERE "users"."username" = 'gmoeck' LIMIT 1
Completed 200 OK in 14ms (Views: 1.3ms | ActiveRecord: 0.1ms)


Started POST "/login" for 127.0.0.1 at 2011-06-20 14:58:45 -0700
  Processing by LoginController#login as 
  Parameters: {"username"=>"gmoeck", "password"=>"[FILTERED]"}
  [1m[36mUser Load (0.1ms)[0m  [1mSELECT "users".* FROM "users" WHERE "users"."username" = 'gmoeck' LIMIT 1[0m
Completed 401 Unauthorized in 14ms (Views: 1.3ms | ActiveRecord: 0.1ms)


Started POST "/login" for 127.0.0.1 at 2011-06-20 14:58:49 -0700
  Processing by LoginController#login as 
  Parameters: {"username"=>"gmoeck", "password"=>"[FILTERED]"}
  [1m[35mUser Load (0.1ms)[0m  SELECT "users".* FROM "users" WHERE "users"."username" = 'gmoeck' LIMIT 1
Completed 401 Unauthorized in 13ms (Views: 1.2ms | ActiveRecord: 0.1ms)


Started POST "/login" for 127.0.0.1 at 2011-06-20 14:58:58 -0700
  Processing by LoginController#login as 
  Parameters: {"username"=>"gmoeck", "password"=>"[FILTERED]"}
  [1m[36mUser Load (0.1ms)[0m  [1mSELECT "users".* FROM "users" WHERE "users"."username" = 'gmoeck' LIMIT 1[0m
Completed 200 OK in 14ms (Views: 1.3ms | ActiveRecord: 0.1ms)


Started POST "/login" for 127.0.0.1 at 2011-06-20 15:00:08 -0700
  Processing by LoginController#login as 
  Parameters: {"username"=>"someone", "password"=>"[FILTERED]"}
  [1m[35mUser Load (0.1ms)[0m  SELECT "users".* FROM "users" WHERE "users"."username" = 'someone' LIMIT 1
Completed 401 Unauthorized in 9ms (Views: 1.3ms | ActiveRecord: 0.1ms)


Started POST "/login" for 127.0.0.1 at 2011-06-20 15:00:16 -0700
  Processing by LoginController#login as 
  Parameters: {"username"=>"gmoeck", "password"=>"[FILTERED]"}
  [1m[36mUser Load (0.1ms)[0m  [1mSELECT "users".* FROM "users" WHERE "users"."username" = 'gmoeck' LIMIT 1[0m
Completed 200 OK in 14ms (Views: 1.3ms | ActiveRecord: 0.1ms)


Started POST "/login" for 127.0.0.1 at 2011-06-20 15:00:36 -0700
  Processing by LoginController#login as 
  Parameters: {"username"=>"gmoeck", "password"=>"[FILTERED]"}
  [1m[35mUser Load (0.1ms)[0m  SELECT "users".* FROM "users" WHERE "users"."username" = 'gmoeck' LIMIT 1
Completed 200 OK in 14ms (Views: 1.3ms | ActiveRecord: 0.1ms)


Started POST "/login" for 127.0.0.1 at 2011-06-20 15:04:46 -0700
  Processing by LoginController#login as 
  Parameters: {"username"=>"gmoeck", "password"=>"[FILTERED]"}
  [1m[36mUser Load (0.1ms)[0m  [1mSELECT "users".* FROM "users" WHERE "users"."username" = 'gmoeck' LIMIT 1[0m
Completed 200 OK in 33ms (Views: 1.2ms | ActiveRecord: 0.1ms)


Started POST "/login" for 127.0.0.1 at 2011-06-20 15:04:56 -0700
  Processing by LoginController#login as 
  Parameters: {"username"=>"gmoeck", "password"=>"[FILTERED]"}
  [1m[35mUser Load (0.1ms)[0m  SELECT "users".* FROM "users" WHERE "users"."username" = 'gmoeck' LIMIT 1
Completed 401 Unauthorized in 14ms (Views: 1.3ms | ActiveRecord: 0.1ms)


Started POST "/login" for 127.0.0.1 at 2011-06-20 15:05:04 -0700
  Processing by LoginController#login as 
  Parameters: {"username"=>"gmoeck", "password"=>"[FILTERED]"}
  [1m[36mUser Load (0.1ms)[0m  [1mSELECT "users".* FROM "users" WHERE "users"."username" = 'gmoeck' LIMIT 1[0m
Completed 401 Unauthorized in 14ms (Views: 1.3ms | ActiveRecord: 0.1ms)


Started POST "/login" for 127.0.0.1 at 2011-06-20 15:05:47 -0700
  Processing by LoginController#login as 
  Parameters: {"username"=>"gmoeck", "password"=>"[FILTERED]"}
  [1m[35mUser Load (0.1ms)[0m  SELECT "users".* FROM "users" WHERE "users"."username" = 'gmoeck' LIMIT 1
Completed 401 Unauthorized in 14ms (Views: 1.2ms | ActiveRecord: 0.1ms)


Started POST "/login" for 127.0.0.1 at 2011-06-20 15:07:28 -0700
  Processing by LoginController#login as 
  Parameters: {"username"=>"gmoeck", "password"=>"[FILTERED]"}
  [1m[36mUser Load (0.1ms)[0m  [1mSELECT "users".* FROM "users" WHERE "users"."username" = 'gmoeck' LIMIT 1[0m
Completed 200 OK in 14ms (Views: 1.3ms | ActiveRecord: 0.1ms)


Started POST "/login" for 127.0.0.1 at 2011-06-20 15:07:35 -0700
  Processing by LoginController#login as 
  Parameters: {"username"=>"someone", "password"=>"[FILTERED]"}
  [1m[35mUser Load (0.1ms)[0m  SELECT "users".* FROM "users" WHERE "users"."username" = 'someone' LIMIT 1
Completed 401 Unauthorized in 8ms (Views: 1.2ms | ActiveRecord: 0.1ms)


Started POST "/login" for 127.0.0.1 at 2011-06-20 15:07:39 -0700
  Processing by LoginController#login as 
  Parameters: {"username"=>"gmoeck", "password"=>"[FILTERED]"}
  [1m[36mUser Load (0.1ms)[0m  [1mSELECT "users".* FROM "users" WHERE "users"."username" = 'gmoeck' LIMIT 1[0m
Completed 401 Unauthorized in 13ms (Views: 1.3ms | ActiveRecord: 0.1ms)


Started POST "/login" for 127.0.0.1 at 2011-06-20 15:07:44 -0700
  Processing by LoginController#login as 
  Parameters: {"username"=>"gmoeck", "password"=>"[FILTERED]"}
  [1m[35mUser Load (0.1ms)[0m  SELECT "users".* FROM "users" WHERE "users"."username" = 'gmoeck' LIMIT 1
Completed 200 OK in 14ms (Views: 1.3ms | ActiveRecord: 0.1ms)


Started POST "/login" for 127.0.0.1 at 2011-06-20 15:10:31 -0700
  Processing by LoginController#login as 
  Parameters: {"username"=>"gmoeck", "password"=>"[FILTERED]"}
  [1m[36mUser Load (0.1ms)[0m  [1mSELECT "users".* FROM "users" WHERE "users"."username" = 'gmoeck' LIMIT 1[0m
Completed 200 OK in 33ms (Views: 1.3ms | ActiveRecord: 0.1ms)


Started POST "/login" for 127.0.0.1 at 2011-06-20 15:10:37 -0700
  Processing by LoginController#login as 
  Parameters: {"username"=>"someone", "password"=>"[FILTERED]"}
  [1m[35mUser Load (0.1ms)[0m  SELECT "users".* FROM "users" WHERE "users"."username" = 'someone' LIMIT 1
Completed 401 Unauthorized in 8ms (Views: 1.3ms | ActiveRecord: 0.1ms)


Started POST "/login" for 127.0.0.1 at 2011-06-20 15:10:39 -0700
  Processing by LoginController#login as 
  Parameters: {"username"=>"gmoeck", "password"=>"[FILTERED]"}
  [1m[36mUser Load (0.1ms)[0m  [1mSELECT "users".* FROM "users" WHERE "users"."username" = 'gmoeck' LIMIT 1[0m
Completed 401 Unauthorized in 14ms (Views: 1.3ms | ActiveRecord: 0.1ms)


Started POST "/login" for 127.0.0.1 at 2011-06-20 15:10:43 -0700
  Processing by LoginController#login as 
  Parameters: {"username"=>"gmoeck", "password"=>"[FILTERED]"}
  [1m[35mUser Load (0.2ms)[0m  SELECT "users".* FROM "users" WHERE "users"."username" = 'gmoeck' LIMIT 1
Completed 200 OK in 33ms (Views: 1.3ms | ActiveRecord: 0.2ms)


Started POST "/login" for 127.0.0.1 at 2011-06-20 15:18:30 -0700
  Processing by LoginController#login as 
  Parameters: {"username"=>"gmoeck", "password"=>"[FILTERED]"}
  [1m[36mUser Load (0.1ms)[0m  [1mSELECT "users".* FROM "users" WHERE "users"."username" = 'gmoeck' LIMIT 1[0m
Completed 200 OK in 14ms (Views: 1.2ms | ActiveRecord: 0.1ms)


Started POST "/login" for 127.0.0.1 at 2011-06-20 15:27:20 -0700
  Processing by LoginController#login as 
  Parameters: {"username"=>"gmoeck", "password"=>"[FILTERED]"}
  [1m[35mUser Load (0.1ms)[0m  SELECT "users".* FROM "users" WHERE "users"."username" = 'gmoeck' LIMIT 1
Completed 200 OK in 32ms (Views: 1.3ms | ActiveRecord: 0.1ms)


Started POST "/login" for 10.254.111.12 at 2011-06-20 15:29:59 -0700
  Processing by LoginController#login as 
  Parameters: {"username"=>"gmoeck", "password"=>"[FILTERED]"}
  [1m[36mUser Load (0.2ms)[0m  [1mSELECT "users".* FROM "users" WHERE "users"."username" = 'gmoeck' LIMIT 1[0m
Completed 200 OK in 15ms (Views: 1.3ms | ActiveRecord: 0.2ms)


Started POST "/login" for 10.254.111.12 at 2011-06-20 15:30:20 -0700
  Processing by LoginController#login as 
  Parameters: {"username"=>"S", "password"=>"[FILTERED]"}
  [1m[35mUser Load (0.1ms)[0m  SELECT "users".* FROM "users" WHERE "users"."username" = 'S' LIMIT 1
Completed 401 Unauthorized in 8ms (Views: 1.2ms | ActiveRecord: 0.1ms)


Started POST "/login" for 127.0.0.1 at 2011-06-20 18:21:58 -0700
  Processing by LoginController#login as 
  Parameters: {"username"=>"gmoeck", "password"=>"[FILTERED]"}
  [1m[36mUser Load (0.6ms)[0m  [1mSELECT "users".* FROM "users" WHERE "users"."username" = 'gmoeck' LIMIT 1[0m
Completed 200 OK in 14ms (Views: 1.3ms | ActiveRecord: 0.6ms)


Started POST "/login" for 127.0.0.1 at 2011-06-21 05:51:31 -0700
  Processing by LoginController#login as 
  Parameters: {"username"=>"gmoeck", "password"=>"[FILTERED]"}
  [1m[35mUser Load (0.4ms)[0m  SELECT "users".* FROM "users" WHERE "users"."username" = 'gmoeck' LIMIT 1
Completed 200 OK in 14ms (Views: 1.3ms | ActiveRecord: 0.4ms)


Started POST "/login" for 127.0.0.1 at 2011-06-21 05:51:39 -0700
  Processing by LoginController#login as 
  Parameters: {"username"=>"gmoeck", "password"=>"[FILTERED]"}
  [1m[36mUser Load (0.1ms)[0m  [1mSELECT "users".* FROM "users" WHERE "users"."username" = 'gmoeck' LIMIT 1[0m
Completed 401 Unauthorized in 32ms (Views: 1.3ms | ActiveRecord: 0.1ms)


Started POST "/login" for 127.0.0.1 at 2011-06-21 05:51:44 -0700
  Processing by LoginController#login as 
  Parameters: {"username"=>"", "password"=>"[FILTERED]"}
  [1m[35mUser Load (0.1ms)[0m  SELECT "users".* FROM "users" WHERE "users"."username" = '' LIMIT 1
Completed 401 Unauthorized in 8ms (Views: 1.3ms | ActiveRecord: 0.1ms)


Started POST "/login" for 127.0.0.1 at 2011-06-21 05:55:46 -0700
  Processing by LoginController#login as 
  Parameters: {"username"=>"gmoeck", "password"=>"[FILTERED]"}
  [1m[36mUser Load (0.1ms)[0m  [1mSELECT "users".* FROM "users" WHERE "users"."username" = 'gmoeck' LIMIT 1[0m
Completed 401 Unauthorized in 14ms (Views: 1.3ms | ActiveRecord: 0.1ms)


Started POST "/login" for 127.0.0.1 at 2011-06-21 05:55:51 -0700
  Processing by LoginController#login as 
  Parameters: {"username"=>"gmoeck", "password"=>"[FILTERED]"}
  [1m[35mUser Load (0.1ms)[0m  SELECT "users".* FROM "users" WHERE "users"."username" = 'gmoeck' LIMIT 1
Completed 200 OK in 32ms (Views: 1.3ms | ActiveRecord: 0.1ms)


Started POST "/login" for 127.0.0.1 at 2011-06-21 05:56:04 -0700
  Processing by LoginController#login as 
  Parameters: {"username"=>"", "password"=>"[FILTERED]"}
  [1m[36mUser Load (0.1ms)[0m  [1mSELECT "users".* FROM "users" WHERE "users"."username" = '' LIMIT 1[0m
Completed 401 Unauthorized in 8ms (Views: 1.3ms | ActiveRecord: 0.1ms)


Started POST "/login" for 127.0.0.1 at 2011-06-21 05:58:07 -0700
  Processing by LoginController#login as 
  Parameters: {"username"=>"gmoeck", "password"=>"[FILTERED]"}
  [1m[35mUser Load (0.1ms)[0m  SELECT "users".* FROM "users" WHERE "users"."username" = 'gmoeck' LIMIT 1
Completed 401 Unauthorized in 14ms (Views: 1.3ms | ActiveRecord: 0.1ms)


Started POST "/login" for 127.0.0.1 at 2011-06-21 05:58:13 -0700
  Processing by LoginController#login as 
  Parameters: {"username"=>"gmoeck", "password"=>"[FILTERED]"}
  [1m[36mUser Load (0.1ms)[0m  [1mSELECT "users".* FROM "users" WHERE "users"."username" = 'gmoeck' LIMIT 1[0m
Completed 200 OK in 33ms (Views: 1.3ms | ActiveRecord: 0.1ms)


Started POST "/login" for 127.0.0.1 at 2011-06-21 05:58:23 -0700
  Processing by LoginController#login as 
  Parameters: {"username"=>"gregm", "password"=>"[FILTERED]"}
  [1m[35mUser Load (0.1ms)[0m  SELECT "users".* FROM "users" WHERE "users"."username" = 'gregm' LIMIT 1
Completed 401 Unauthorized in 8ms (Views: 1.3ms | ActiveRecord: 0.1ms)


Started POST "/login" for 127.0.0.1 at 2011-06-21 05:59:51 -0700
  Processing by LoginController#login as 
  Parameters: {"username"=>"gmoeck", "password"=>"[FILTERED]"}
  [1m[36mUser Load (0.1ms)[0m  [1mSELECT "users".* FROM "users" WHERE "users"."username" = 'gmoeck' LIMIT 1[0m
Completed 401 Unauthorized in 14ms (Views: 1.3ms | ActiveRecord: 0.1ms)


Started POST "/login" for 127.0.0.1 at 2011-06-21 05:59:55 -0700
  Processing by LoginController#login as 
  Parameters: {"username"=>"gmoeck", "password"=>"[FILTERED]"}
  [1m[35mUser Load (0.1ms)[0m  SELECT "users".* FROM "users" WHERE "users"."username" = 'gmoeck' LIMIT 1
Completed 200 OK in 33ms (Views: 1.2ms | ActiveRecord: 0.1ms)
